[debug] [2022-07-05T09:27:47.410Z] ----------------------------------------------------------------------
[debug] [2022-07-05T09:27:47.412Z] Command:       C:\Program Files (x86)\nodejs\node.exe C:\Users\User\AppData\Roaming\npm\node_modules\firebase-tools\lib\bin\firebase.js init
[debug] [2022-07-05T09:27:47.413Z] CLI Version:   11.2.0
[debug] [2022-07-05T09:27:47.413Z] Platform:      win32
[debug] [2022-07-05T09:27:47.413Z] Node Version:  v16.15.1
[debug] [2022-07-05T09:27:47.414Z] Time:          Tue Jul 05 2022 11:27:47 GMT+0200 (Central European Summer Time)
[debug] [2022-07-05T09:27:47.414Z] ----------------------------------------------------------------------
[debug] 
[debug] [2022-07-05T09:27:47.484Z] > command requires scopes: ["email","openid","https://www.googleapis.com/auth/cloudplatformprojects.readonly","https://www.googleapis.com/auth/firebase","https://www.googleapis.com/auth/cloud-platform"]
[debug] [2022-07-05T09:27:47.484Z] > authorizing via signed-in user (reinhardtjanniklas96@gmail.com)
[info] 
     ######## #### ########  ######## ########     ###     ######  ########
     ##        ##  ##     ## ##       ##     ##  ##   ##  ##       ##
     ######    ##  ########  ######   ########  #########  ######  ######
     ##        ##  ##    ##  ##       ##     ## ##     ##       ## ##
     ##       #### ##     ## ######## ########  ##     ##  ######  ########

You're about to initialize a Firebase project in this directory:

  C:\Users\User\Projects\netflix-clone

Before we get started, keep in mind:

  * You are initializing within an existing Firebase project directory

[info] 
=== Project Setup
[info] 
[info] First, let's associate this project directory with a Firebase project.
[info] You can create multiple project aliases by running firebase use --add, 
[info] but for now we'll just set up a default project.
[info] 
[debug] [2022-07-05T09:28:06.804Z] Using project from CLI flag: netflix-clone-jn
[debug] [2022-07-05T09:28:06.807Z] >>> [apiv2][query] GET https://firebase.googleapis.com/v1beta1/projects/netflix-clone-jn [none]
[debug] [2022-07-05T09:28:07.082Z] <<< [apiv2][status] GET https://firebase.googleapis.com/v1beta1/projects/netflix-clone-jn 200
[debug] [2022-07-05T09:28:07.083Z] <<< [apiv2][body] GET https://firebase.googleapis.com/v1beta1/projects/netflix-clone-jn {"projectId":"netflix-clone-jn","projectNumber":"942798557893","displayName":"Netflix-Clone-JN","name":"projects/netflix-clone-jn","resources":{"hostingSite":"netflix-clone-jn","storageBucket":"netflix-clone-jn.appspot.com","locationId":"europe-west"},"state":"ACTIVE"}
[info] i  Using project netflix-clone-jn (Netflix-Clone-JN) 
[info] 
=== Hosting Setup
[info] 
[info] Your public directory is the folder (relative to your project directory) that
[info] will contain Hosting assets to be uploaded with firebase deploy. If you
[info] have a build process for your assets, use your build's output directory.
[info] 
[debug] [2022-07-05T09:28:37.530Z] Error: kill ENOSYS
    at process.kill (node:internal/process/per_thread:220:13)
    at process.listener (C:\Users\User\AppData\Roaming\npm\node_modules\firebase-tools\node_modules\signal-exit\index.js:95:15)
    at process.emit (node:events:527:28)
[error] 
[error] Error: An unexpected error has occurred.
